2013-09-11 14:38:23,115 [http-bio-8080-exec-8] ERROR StackTrace  - Full Stack Trace:
java.io.FileNotFoundException: /Users/gene/.grails/2.2.1/projects/ldapEugene/tomcat/work/Tomcat/localhost/ldapEugene/grails-resources/js/application.js (No such file or directory)
	at java.io.FileInputStream.open(Native Method)
	at java.io.FileInputStream.<init>(FileInputStream.java:120)
	at org.codehaus.groovy.runtime.ResourceGroovyMethods.newInputStream(ResourceGroovyMethods.java:1811)
	at org.codehaus.groovy.runtime.dgm$795.invoke(Unknown Source)
	at org.codehaus.groovy.runtime.callsite.PojoMetaMethodSite$PojoMetaMethodSiteNoUnwrapNoCoerce.invoke(PojoMetaMethodSite.java:271)
	at org.codehaus.groovy.runtime.callsite.PojoMetaMethodSite.call(PojoMetaMethodSite.java:53)
	at org.codehaus.groovy.runtime.callsite.AbstractCallSite.call(AbstractCallSite.java:112)
	at org.grails.plugin.resource.ResourceMeta.newInputStream(ResourceMeta.groovy:205)
	at org.grails.plugin.resource.ResourceMeta$newInputStream$0.call(Unknown Source)
	at org.grails.plugin.resource.ResourceProcessor.processModernResource(ResourceProcessor.groovy:290)
	at org.grails.plugin.resource.ResourceProcessor$processModernResource$0.call(Unknown Source)
	at org.grails.plugin.resource.ProcessingFilter.doFilter(ProcessingFilter.groovy:39)
	at org.apache.catalina.core.ApplicationFilterChain.internalDoFilter(ApplicationFilterChain.java:243)
	at org.apache.catalina.core.ApplicationFilterChain.doFilter(ApplicationFilterChain.java:210)
	at org.springframework.web.filter.CharacterEncodingFilter.doFilterInternal(CharacterEncodingFilter.java:88)
	at org.springframework.web.filter.OncePerRequestFilter.doFilter(OncePerRequestFilter.java:76)
	at org.springframework.web.filter.DelegatingFilterProxy.invokeDelegate(DelegatingFilterProxy.java:346)
	at org.springframework.web.filter.DelegatingFilterProxy.doFilter(DelegatingFilterProxy.java:259)
	at org.apache.catalina.core.ApplicationFilterChain.internalDoFilter(ApplicationFilterChain.java:243)
	at org.apache.catalina.core.ApplicationFilterChain.doFilter(ApplicationFilterChain.java:210)
	at org.apache.catalina.core.StandardWrapperValve.invoke(StandardWrapperValve.java:222)
	at org.apache.catalina.core.StandardContextValve.invoke(StandardContextValve.java:123)
	at org.apache.catalina.core.StandardHostValve.invoke(StandardHostValve.java:168)
	at org.apache.catalina.valves.ErrorReportValve.invoke(ErrorReportValve.java:99)
	at org.apache.catalina.core.StandardEngineValve.invoke(StandardEngineValve.java:118)
	at org.apache.catalina.connector.CoyoteAdapter.service(CoyoteAdapter.java:407)
	at org.apache.coyote.http11.AbstractHttp11Processor.process(AbstractHttp11Processor.java:1002)
	at org.apache.coyote.AbstractProtocol$AbstractConnectionHandler.process(AbstractProtocol.java:585)
	at org.apache.tomcat.util.net.JIoEndpoint$SocketProcessor.run(JIoEndpoint.java:310)
	at java.util.concurrent.ThreadPoolExecutor$Worker.runTask(ThreadPoolExecutor.java:895)
	at java.util.concurrent.ThreadPoolExecutor$Worker.run(ThreadPoolExecutor.java:918)
	at java.lang.Thread.run(Thread.java:680)
2013-09-11 14:38:23,163 [http-bio-8080-exec-8] ERROR StackTrace  - Full Stack Trace:
java.io.FileNotFoundException: /Users/gene/.grails/2.2.1/projects/ldapEugene/tomcat/work/Tomcat/localhost/ldapEugene/grails-resources/js/application.js (No such file or directory)
	at java.io.FileInputStream.<init>(FileInputStream.java:120)
	at org.grails.plugin.resource.ResourceMeta.newInputStream(ResourceMeta.groovy:205)
	at org.grails.plugin.resource.ResourceProcessor.processModernResource(ResourceProcessor.groovy:290)
	at org.grails.plugin.resource.ProcessingFilter.doFilter(ProcessingFilter.groovy:39)
	at java.util.concurrent.ThreadPoolExecutor$Worker.runTask(ThreadPoolExecutor.java:895)
	at java.util.concurrent.ThreadPoolExecutor$Worker.run(ThreadPoolExecutor.java:918)
	at java.lang.Thread.run(Thread.java:680)
2013-09-11 14:38:23,495 [http-bio-8080-exec-8] ERROR StackTrace  - Full Stack Trace:
java.io.FileNotFoundException: /Users/gene/.grails/2.2.1/projects/ldapEugene/tomcat/work/Tomcat/localhost/ldapEugene/grails-resources/js/application.js (No such file or directory)
	at java.io.FileInputStream.<init>(FileInputStream.java:120)
	at org.grails.plugin.resource.ResourceMeta.newInputStream(ResourceMeta.groovy:205)
	at org.grails.plugin.resource.ResourceProcessor.processModernResource(ResourceProcessor.groovy:290)
	at org.grails.plugin.resource.ProcessingFilter.doFilter(ProcessingFilter.groovy:39)
	at java.util.concurrent.ThreadPoolExecutor$Worker.runTask(ThreadPoolExecutor.java:895)
	at java.util.concurrent.ThreadPoolExecutor$Worker.run(ThreadPoolExecutor.java:918)
	at java.lang.Thread.run(Thread.java:680)
2013-09-11 14:38:23,495 [http-bio-8080-exec-8] ERROR StackTrace  - Full Stack Trace:
java.io.FileNotFoundException: /Users/gene/.grails/2.2.1/projects/ldapEugene/tomcat/work/Tomcat/localhost/ldapEugene/grails-resources/js/application.js (No such file or directory)
	at java.io.FileInputStream.<init>(FileInputStream.java:120)
	at org.grails.plugin.resource.ResourceMeta.newInputStream(ResourceMeta.groovy:205)
	at org.grails.plugin.resource.ResourceProcessor.processModernResource(ResourceProcessor.groovy:290)
	at org.grails.plugin.resource.ProcessingFilter.doFilter(ProcessingFilter.groovy:39)
	at java.util.concurrent.ThreadPoolExecutor$Worker.runTask(ThreadPoolExecutor.java:895)
	at java.util.concurrent.ThreadPoolExecutor$Worker.run(ThreadPoolExecutor.java:918)
	at java.lang.Thread.run(Thread.java:680)
2013-09-11 14:41:39,294 [localhost-startStop-1] ERROR StackTrace  - Full Stack Trace:
org.springframework.beans.factory.BeanCreationException: Error creating bean with name 'oneLdapServer': Invocation of init method failed; nested exception is org.apache.directory.shared.ldap.exception.LdapNameNotFoundException: ou=groups,dc=genecorp
	at org.springframework.beans.factory.support.AbstractAutowireCapableBeanFactory.initializeBean(AbstractAutowireCapableBeanFactory.java:1455)
	at org.springframework.beans.factory.support.AbstractAutowireCapableBeanFactory.doCreateBean(AbstractAutowireCapableBeanFactory.java:519)
	at org.codehaus.groovy.grails.commons.spring.ReloadAwareAutowireCapableBeanFactory.doCreateBean(ReloadAwareAutowireCapableBeanFactory.java:122)
	at org.springframework.beans.factory.support.AbstractAutowireCapableBeanFactory.createBean(AbstractAutowireCapableBeanFactory.java:456)
	at org.springframework.beans.factory.support.AbstractBeanFactory$1.getObject(AbstractBeanFactory.java:294)
	at org.springframework.beans.factory.support.DefaultSingletonBeanRegistry.getSingleton(DefaultSingletonBeanRegistry.java:225)
	at org.springframework.beans.factory.support.AbstractBeanFactory.doGetBean(AbstractBeanFactory.java:291)
	at org.springframework.beans.factory.support.AbstractBeanFactory.getBean(AbstractBeanFactory.java:193)
	at org.springframework.beans.factory.support.DefaultListableBeanFactory.preInstantiateSingletons(DefaultListableBeanFactory.java:607)
	at org.springframework.context.support.AbstractApplicationContext.finishBeanFactoryInitialization(AbstractApplicationContext.java:925)
	at org.springframework.context.support.AbstractApplicationContext.refresh(AbstractApplicationContext.java:472)
	at org.codehaus.groovy.grails.commons.spring.DefaultRuntimeSpringConfiguration.getApplicationContext(DefaultRuntimeSpringConfiguration.java:153)
	at org.codehaus.groovy.grails.commons.spring.GrailsRuntimeConfigurator.configure(GrailsRuntimeConfigurator.java:170)
	at org.codehaus.groovy.grails.commons.spring.GrailsRuntimeConfigurator.configure(GrailsRuntimeConfigurator.java:127)
	at org.codehaus.groovy.grails.web.context.GrailsConfigUtils.configureWebApplicationContext(GrailsConfigUtils.java:121)
	at org.codehaus.groovy.grails.web.context.GrailsContextLoader.initWebApplicationContext(GrailsContextLoader.java:107)
	at org.springframework.web.context.ContextLoaderListener.contextInitialized(ContextLoaderListener.java:111)
	at org.apache.catalina.core.StandardContext.listenerStart(StandardContext.java:4791)
	at org.apache.catalina.core.StandardContext.startInternal(StandardContext.java:5285)
	at org.apache.catalina.util.LifecycleBase.start(LifecycleBase.java:150)
	at org.apache.catalina.core.ContainerBase$StartChild.call(ContainerBase.java:1559)
	at org.apache.catalina.core.ContainerBase$StartChild.call(ContainerBase.java:1549)
	at java.util.concurrent.FutureTask$Sync.innerRun(FutureTask.java:303)
	at java.util.concurrent.FutureTask.run(FutureTask.java:138)
	at java.util.concurrent.ThreadPoolExecutor$Worker.runTask(ThreadPoolExecutor.java:895)
	at java.util.concurrent.ThreadPoolExecutor$Worker.run(ThreadPoolExecutor.java:918)
	at java.lang.Thread.run(Thread.java:680)
Caused by: org.apache.directory.shared.ldap.exception.LdapNameNotFoundException: ou=groups,dc=genecorp
	at org.apache.directory.server.core.partition.DefaultPartitionNexus.getPartition(DefaultPartitionNexus.java:1097)
	at org.apache.directory.server.core.partition.DefaultPartitionNexus.hasEntry(DefaultPartitionNexus.java:1019)
	at org.apache.directory.server.core.interceptor.InterceptorChain$1.hasEntry(InterceptorChain.java:165)
	at org.apache.directory.server.core.interceptor.InterceptorChain$Entry$1.hasEntry(InterceptorChain.java:1293)
	at org.apache.directory.server.core.interceptor.BaseInterceptor.hasEntry(BaseInterceptor.java:159)
	at org.apache.directory.server.core.interceptor.InterceptorChain$Entry$1.hasEntry(InterceptorChain.java:1293)
	at org.apache.directory.server.core.interceptor.BaseInterceptor.hasEntry(BaseInterceptor.java:159)
	at org.apache.directory.server.core.interceptor.InterceptorChain$Entry$1.hasEntry(InterceptorChain.java:1293)
	at org.apache.directory.server.core.interceptor.BaseInterceptor.hasEntry(BaseInterceptor.java:159)
	at org.apache.directory.server.core.interceptor.InterceptorChain$Entry$1.hasEntry(InterceptorChain.java:1293)
	at org.apache.directory.server.core.interceptor.BaseInterceptor.hasEntry(BaseInterceptor.java:159)
	at org.apache.directory.server.core.interceptor.InterceptorChain$Entry$1.hasEntry(InterceptorChain.java:1293)
	at org.apache.directory.server.core.interceptor.BaseInterceptor.hasEntry(BaseInterceptor.java:159)
	at org.apache.directory.server.core.interceptor.InterceptorChain$Entry$1.hasEntry(InterceptorChain.java:1293)
	at org.apache.directory.server.core.interceptor.BaseInterceptor.hasEntry(BaseInterceptor.java:159)
	at org.apache.directory.server.core.interceptor.InterceptorChain$Entry$1.hasEntry(InterceptorChain.java:1293)
	at org.apache.directory.server.core.interceptor.BaseInterceptor.hasEntry(BaseInterceptor.java:159)
	at org.apache.directory.server.core.interceptor.InterceptorChain$Entry$1.hasEntry(InterceptorChain.java:1293)
	at org.apache.directory.server.core.exception.ExceptionInterceptor.add(ExceptionInterceptor.java:154)
	at org.apache.directory.server.core.interceptor.InterceptorChain$Entry$1.add(InterceptorChain.java:1189)
	at org.apache.directory.server.core.interceptor.BaseInterceptor.add(BaseInterceptor.java:129)
	at org.apache.directory.server.core.interceptor.InterceptorChain$Entry$1.add(InterceptorChain.java:1189)
	at org.apache.directory.server.core.authz.AciAuthorizationInterceptor.add(AciAuthorizationInterceptor.java:448)
	at org.apache.directory.server.core.interceptor.InterceptorChain$Entry$1.add(InterceptorChain.java:1189)
	at org.apache.directory.server.core.authn.AuthenticationInterceptor.add(AuthenticationInterceptor.java:213)
	at org.apache.directory.server.core.interceptor.InterceptorChain$Entry$1.add(InterceptorChain.java:1189)
	at org.apache.directory.server.core.normalization.NormalizationInterceptor.add(NormalizationInterceptor.java:113)
	at org.apache.directory.server.core.interceptor.InterceptorChain.add(InterceptorChain.java:749)
	at org.apache.directory.server.core.DefaultOperationManager.add(DefaultOperationManager.java:78)
	at org.apache.directory.server.core.DefaultCoreSession.add(DefaultCoreSession.java:94)
	at org.apache.directory.server.core.CoreSession$add.call(Unknown Source)
	at org.codehaus.groovy.runtime.callsite.CallSiteArray.defaultCall(CallSiteArray.java:45)
	at org.codehaus.groovy.runtime.callsite.AbstractCallSite.call(AbstractCallSite.java:108)
	at org.codehaus.groovy.runtime.callsite.AbstractCallSite.call(AbstractCallSite.java:116)
	at grails.ldap.server.TransientGrailsLdapServer.consumeLdifReader(TransientGrailsLdapServer.groovy:260)
	at grails.ldap.server.TransientGrailsLdapServer.this$2$consumeLdifReader(TransientGrailsLdapServer.groovy)
	at grails.ldap.server.TransientGrailsLdapServer$this$2$consumeLdifReader.callCurrent(Unknown Source)
	at org.codehaus.groovy.runtime.callsite.CallSiteArray.defaultCallCurrent(CallSiteArray.java:49)
	at org.codehaus.groovy.runtime.callsite.AbstractCallSite.callCurrent(AbstractCallSite.java:133)
	at org.codehaus.groovy.runtime.callsite.AbstractCallSite.callCurrent(AbstractCallSite.java:141)
	at grails.ldap.server.TransientGrailsLdapServer.loadLdif(TransientGrailsLdapServer.groovy:169)
	at sun.reflect.NativeMethodAccessorImpl.invoke0(Native Method)
	at sun.reflect.NativeMethodAccessorImpl.invoke(NativeMethodAccessorImpl.java:39)
	at sun.reflect.DelegatingMethodAccessorImpl.invoke(DelegatingMethodAccessorImpl.java:25)
	at java.lang.reflect.Method.invoke(Method.java:597)
	at org.springsource.loaded.ri.ReflectiveInterceptor.jlrMethodInvoke(ReflectiveInterceptor.java:1243)
	at org.codehaus.groovy.reflection.CachedMethod.invoke(CachedMethod.java:90)
	at groovy.lang.MetaMethod.doMethodInvoke(MetaMethod.java:233)
	at groovy.lang.MetaClassImpl.invokeMethod(MetaClassImpl.java:1082)
	at groovy.lang.ExpandoMetaClass.invokeMethod(ExpandoMetaClass.java:1106)
	at groovy.lang.MetaClassImpl.invokeMethod(MetaClassImpl.java:906)
	at groovy.lang.MetaClassImpl.invokeMethod(MetaClassImpl.java:1027)
	at groovy.lang.ExpandoMetaClass.invokeMethod(ExpandoMetaClass.java:1106)
	at groovy.lang.MetaClassImpl.invokeMethod(MetaClassImpl.java:906)
	at org.codehaus.groovy.runtime.callsite.PogoMetaClassSite.callCurrent(PogoMetaClassSite.java:66)
	at org.codehaus.groovy.runtime.callsite.CallSiteArray.defaultCallCurrent(CallSiteArray.java:49)
	at org.codehaus.groovy.runtime.callsite.AbstractCallSite.callCurrent(AbstractCallSite.java:133)
	at org.codehaus.groovy.runtime.callsite.AbstractCallSite.callCurrent(AbstractCallSite.java:141)
	at grails.ldap.server.TransientGrailsLdapServer$_loadLdif_closure4.doCall(TransientGrailsLdapServer.groovy:165)
	at sun.reflect.NativeMethodAccessorImpl.invoke0(Native Method)
	at sun.reflect.NativeMethodAccessorImpl.invoke(NativeMethodAccessorImpl.java:39)
	at sun.reflect.DelegatingMethodAccessorImpl.invoke(DelegatingMethodAccessorImpl.java:25)
	at java.lang.reflect.Method.invoke(Method.java:597)
	at org.springsource.loaded.ri.ReflectiveInterceptor.jlrMethodInvoke(ReflectiveInterceptor.java:1243)
	at org.codehaus.groovy.reflection.CachedMethod.invoke(CachedMethod.java:90)
	at groovy.lang.MetaMethod.doMethodInvoke(MetaMethod.java:233)
	at groovy.lang.MetaClassImpl.invokeMethod(MetaClassImpl.java:1082)
	at groovy.lang.ExpandoMetaClass.invokeMethod(ExpandoMetaClass.java:1106)
	at groovy.lang.MetaClassImpl.invokeMethod(MetaClassImpl.java:906)
	at groovy.lang.Closure.call(Closure.java:412)
	at grails.ldap.server.TransientGrailsLdapServer$_loadLdif_closure4.call(TransientGrailsLdapServer.groovy)
	at groovy.lang.Closure.call(Closure.java:425)
	at grails.ldap.server.TransientGrailsLdapServer$_loadLdif_closure4.call(TransientGrailsLdapServer.groovy)
	at org.codehaus.groovy.runtime.DefaultGroovyMethods.each(DefaultGroovyMethods.java:1326)
	at org.codehaus.groovy.runtime.DefaultGroovyMethods.each(DefaultGroovyMethods.java:1298)
	at org.codehaus.groovy.runtime.dgm$148.invoke(Unknown Source)
	at org.codehaus.groovy.runtime.callsite.PojoMetaMethodSite$PojoMetaMethodSiteNoUnwrapNoCoerce.invoke(PojoMetaMethodSite.java:271)
	at org.codehaus.groovy.runtime.callsite.PojoMetaMethodSite.call(PojoMetaMethodSite.java:53)
	at org.codehaus.groovy.runtime.callsite.CallSiteArray.defaultCall(CallSiteArray.java:45)
	at org.codehaus.groovy.runtime.callsite.AbstractCallSite.call(AbstractCallSite.java:108)
	at org.codehaus.groovy.runtime.callsite.AbstractCallSite.call(AbstractCallSite.java:116)
	at grails.ldap.server.TransientGrailsLdapServer.loadLdif(TransientGrailsLdapServer.groovy:164)
	at grails.ldap.server.TransientGrailsLdapServer$loadLdif.callCurrent(Unknown Source)
	at org.codehaus.groovy.runtime.callsite.CallSiteArray.defaultCallCurrent(CallSiteArray.java:49)
	at org.codehaus.groovy.runtime.callsite.AbstractCallSite.callCurrent(AbstractCallSite.java:133)
	at org.codehaus.groovy.runtime.callsite.AbstractCallSite.callCurrent(AbstractCallSite.java:141)
	at grails.ldap.server.TransientGrailsLdapServer.start(TransientGrailsLdapServer.groovy:82)
	at grails.ldap.server.TransientGrailsLdapServer$start.callCurrent(Unknown Source)
	at org.codehaus.groovy.runtime.callsite.CallSiteArray.defaultCallCurrent(CallSiteArray.java:49)
	at org.codehaus.groovy.runtime.callsite.AbstractCallSite.callCurrent(AbstractCallSite.java:133)
	at org.codehaus.groovy.runtime.callsite.AbstractCallSite.callCurrent(AbstractCallSite.java:137)
	at grails.ldap.server.TransientGrailsLdapServer.afterPropertiesSet(TransientGrailsLdapServer.groovy:67)
	at org.springframework.beans.factory.support.AbstractAutowireCapableBeanFactory.invokeInitMethods(AbstractAutowireCapableBeanFactory.java:1514)
	at org.springframework.beans.factory.support.AbstractAutowireCapableBeanFactory.initializeBean(AbstractAutowireCapableBeanFactory.java:1452)
	... 26 more
2013-09-11 14:41:39,300 [localhost-startStop-1] ERROR StackTrace  - Full Stack Trace:
org.apache.directory.shared.ldap.exception.LdapNameNotFoundException: ou=groups,dc=genecorp
	at org.apache.directory.server.core.partition.DefaultPartitionNexus.getPartition(DefaultPartitionNexus.java:1097)
	at org.apache.directory.server.core.partition.DefaultPartitionNexus.hasEntry(DefaultPartitionNexus.java:1019)
	at org.apache.directory.server.core.interceptor.InterceptorChain$1.hasEntry(InterceptorChain.java:165)
	at org.apache.directory.server.core.interceptor.InterceptorChain$Entry$1.hasEntry(InterceptorChain.java:1293)
	at org.apache.directory.server.core.interceptor.BaseInterceptor.hasEntry(BaseInterceptor.java:159)
	at org.apache.directory.server.core.interceptor.InterceptorChain$Entry$1.hasEntry(InterceptorChain.java:1293)
	at org.apache.directory.server.core.interceptor.BaseInterceptor.hasEntry(BaseInterceptor.java:159)
	at org.apache.directory.server.core.interceptor.InterceptorChain$Entry$1.hasEntry(InterceptorChain.java:1293)
	at org.apache.directory.server.core.interceptor.BaseInterceptor.hasEntry(BaseInterceptor.java:159)
	at org.apache.directory.server.core.interceptor.InterceptorChain$Entry$1.hasEntry(InterceptorChain.java:1293)
	at org.apache.directory.server.core.interceptor.BaseInterceptor.hasEntry(BaseInterceptor.java:159)
	at org.apache.directory.server.core.interceptor.InterceptorChain$Entry$1.hasEntry(InterceptorChain.java:1293)
	at org.apache.directory.server.core.interceptor.BaseInterceptor.hasEntry(BaseInterceptor.java:159)
	at org.apache.directory.server.core.interceptor.InterceptorChain$Entry$1.hasEntry(InterceptorChain.java:1293)
	at org.apache.directory.server.core.interceptor.BaseInterceptor.hasEntry(BaseInterceptor.java:159)
	at org.apache.directory.server.core.interceptor.InterceptorChain$Entry$1.hasEntry(InterceptorChain.java:1293)
	at org.apache.directory.server.core.interceptor.BaseInterceptor.hasEntry(BaseInterceptor.java:159)
	at org.apache.directory.server.core.interceptor.InterceptorChain$Entry$1.hasEntry(InterceptorChain.java:1293)
	at org.apache.directory.server.core.exception.ExceptionInterceptor.add(ExceptionInterceptor.java:154)
	at org.apache.directory.server.core.interceptor.InterceptorChain$Entry$1.add(InterceptorChain.java:1189)
	at org.apache.directory.server.core.interceptor.BaseInterceptor.add(BaseInterceptor.java:129)
	at org.apache.directory.server.core.interceptor.InterceptorChain$Entry$1.add(InterceptorChain.java:1189)
	at org.apache.directory.server.core.authz.AciAuthorizationInterceptor.add(AciAuthorizationInterceptor.java:448)
	at org.apache.directory.server.core.interceptor.InterceptorChain$Entry$1.add(InterceptorChain.java:1189)
	at org.apache.directory.server.core.authn.AuthenticationInterceptor.add(AuthenticationInterceptor.java:213)
	at org.apache.directory.server.core.interceptor.InterceptorChain$Entry$1.add(InterceptorChain.java:1189)
	at org.apache.directory.server.core.normalization.NormalizationInterceptor.add(NormalizationInterceptor.java:113)
	at org.apache.directory.server.core.interceptor.InterceptorChain.add(InterceptorChain.java:749)
	at org.apache.directory.server.core.DefaultOperationManager.add(DefaultOperationManager.java:78)
	at org.apache.directory.server.core.DefaultCoreSession.add(DefaultCoreSession.java:94)
	at org.apache.directory.server.core.CoreSession$add.call(Unknown Source)
	at org.codehaus.groovy.runtime.callsite.CallSiteArray.defaultCall(CallSiteArray.java:45)
	at org.codehaus.groovy.runtime.callsite.AbstractCallSite.call(AbstractCallSite.java:108)
	at org.codehaus.groovy.runtime.callsite.AbstractCallSite.call(AbstractCallSite.java:116)
	at grails.ldap.server.TransientGrailsLdapServer.consumeLdifReader(TransientGrailsLdapServer.groovy:260)
	at grails.ldap.server.TransientGrailsLdapServer.this$2$consumeLdifReader(TransientGrailsLdapServer.groovy)
	at grails.ldap.server.TransientGrailsLdapServer$this$2$consumeLdifReader.callCurrent(Unknown Source)
	at org.codehaus.groovy.runtime.callsite.CallSiteArray.defaultCallCurrent(CallSiteArray.java:49)
	at org.codehaus.groovy.runtime.callsite.AbstractCallSite.callCurrent(AbstractCallSite.java:133)
	at org.codehaus.groovy.runtime.callsite.AbstractCallSite.callCurrent(AbstractCallSite.java:141)
	at grails.ldap.server.TransientGrailsLdapServer.loadLdif(TransientGrailsLdapServer.groovy:169)
	at sun.reflect.NativeMethodAccessorImpl.invoke0(Native Method)
	at sun.reflect.NativeMethodAccessorImpl.invoke(NativeMethodAccessorImpl.java:39)
	at sun.reflect.DelegatingMethodAccessorImpl.invoke(DelegatingMethodAccessorImpl.java:25)
	at java.lang.reflect.Method.invoke(Method.java:597)
	at org.springsource.loaded.ri.ReflectiveInterceptor.jlrMethodInvoke(ReflectiveInterceptor.java:1243)
	at org.codehaus.groovy.reflection.CachedMethod.invoke(CachedMethod.java:90)
	at groovy.lang.MetaMethod.doMethodInvoke(MetaMethod.java:233)
	at groovy.lang.MetaClassImpl.invokeMethod(MetaClassImpl.java:1082)
	at groovy.lang.ExpandoMetaClass.invokeMethod(ExpandoMetaClass.java:1106)
	at groovy.lang.MetaClassImpl.invokeMethod(MetaClassImpl.java:906)
	at groovy.lang.MetaClassImpl.invokeMethod(MetaClassImpl.java:1027)
	at groovy.lang.ExpandoMetaClass.invokeMethod(ExpandoMetaClass.java:1106)
	at groovy.lang.MetaClassImpl.invokeMethod(MetaClassImpl.java:906)
	at org.codehaus.groovy.runtime.callsite.PogoMetaClassSite.callCurrent(PogoMetaClassSite.java:66)
	at org.codehaus.groovy.runtime.callsite.CallSiteArray.defaultCallCurrent(CallSiteArray.java:49)
	at org.codehaus.groovy.runtime.callsite.AbstractCallSite.callCurrent(AbstractCallSite.java:133)
	at org.codehaus.groovy.runtime.callsite.AbstractCallSite.callCurrent(AbstractCallSite.java:141)
	at grails.ldap.server.TransientGrailsLdapServer$_loadLdif_closure4.doCall(TransientGrailsLdapServer.groovy:165)
	at sun.reflect.NativeMethodAccessorImpl.invoke0(Native Method)
	at sun.reflect.NativeMethodAccessorImpl.invoke(NativeMethodAccessorImpl.java:39)
	at sun.reflect.DelegatingMethodAccessorImpl.invoke(DelegatingMethodAccessorImpl.java:25)
	at java.lang.reflect.Method.invoke(Method.java:597)
	at org.springsource.loaded.ri.ReflectiveInterceptor.jlrMethodInvoke(ReflectiveInterceptor.java:1243)
	at org.codehaus.groovy.reflection.CachedMethod.invoke(CachedMethod.java:90)
	at groovy.lang.MetaMethod.doMethodInvoke(MetaMethod.java:233)
	at groovy.lang.MetaClassImpl.invokeMethod(MetaClassImpl.java:1082)
	at groovy.lang.ExpandoMetaClass.invokeMethod(ExpandoMetaClass.java:1106)
	at groovy.lang.MetaClassImpl.invokeMethod(MetaClassImpl.java:906)
	at groovy.lang.Closure.call(Closure.java:412)
	at grails.ldap.server.TransientGrailsLdapServer$_loadLdif_closure4.call(TransientGrailsLdapServer.groovy)
	at groovy.lang.Closure.call(Closure.java:425)
	at grails.ldap.server.TransientGrailsLdapServer$_loadLdif_closure4.call(TransientGrailsLdapServer.groovy)
	at org.codehaus.groovy.runtime.DefaultGroovyMethods.each(DefaultGroovyMethods.java:1326)
	at org.codehaus.groovy.runtime.DefaultGroovyMethods.each(DefaultGroovyMethods.java:1298)
	at org.codehaus.groovy.runtime.dgm$148.invoke(Unknown Source)
	at org.codehaus.groovy.runtime.callsite.PojoMetaMethodSite$PojoMetaMethodSiteNoUnwrapNoCoerce.invoke(PojoMetaMethodSite.java:271)
	at org.codehaus.groovy.runtime.callsite.PojoMetaMethodSite.call(PojoMetaMethodSite.java:53)
	at org.codehaus.groovy.runtime.callsite.CallSiteArray.defaultCall(CallSiteArray.java:45)
	at org.codehaus.groovy.runtime.callsite.AbstractCallSite.call(AbstractCallSite.java:108)
	at org.codehaus.groovy.runtime.callsite.AbstractCallSite.call(AbstractCallSite.java:116)
	at grails.ldap.server.TransientGrailsLdapServer.loadLdif(TransientGrailsLdapServer.groovy:164)
	at grails.ldap.server.TransientGrailsLdapServer$loadLdif.callCurrent(Unknown Source)
	at org.codehaus.groovy.runtime.callsite.CallSiteArray.defaultCallCurrent(CallSiteArray.java:49)
	at org.codehaus.groovy.runtime.callsite.AbstractCallSite.callCurrent(AbstractCallSite.java:133)
	at org.codehaus.groovy.runtime.callsite.AbstractCallSite.callCurrent(AbstractCallSite.java:141)
	at grails.ldap.server.TransientGrailsLdapServer.start(TransientGrailsLdapServer.groovy:82)
	at grails.ldap.server.TransientGrailsLdapServer$start.callCurrent(Unknown Source)
	at org.codehaus.groovy.runtime.callsite.CallSiteArray.defaultCallCurrent(CallSiteArray.java:49)
	at org.codehaus.groovy.runtime.callsite.AbstractCallSite.callCurrent(AbstractCallSite.java:133)
	at org.codehaus.groovy.runtime.callsite.AbstractCallSite.callCurrent(AbstractCallSite.java:137)
	at grails.ldap.server.TransientGrailsLdapServer.afterPropertiesSet(TransientGrailsLdapServer.groovy:67)
	at org.springframework.beans.factory.support.AbstractAutowireCapableBeanFactory.invokeInitMethods(AbstractAutowireCapableBeanFactory.java:1514)
	at org.springframework.beans.factory.support.AbstractAutowireCapableBeanFactory.initializeBean(AbstractAutowireCapableBeanFactory.java:1452)
	at org.springframework.beans.factory.support.AbstractAutowireCapableBeanFactory.doCreateBean(AbstractAutowireCapableBeanFactory.java:519)
	at org.codehaus.groovy.grails.commons.spring.ReloadAwareAutowireCapableBeanFactory.doCreateBean(ReloadAwareAutowireCapableBeanFactory.java:122)
	at org.springframework.beans.factory.support.AbstractAutowireCapableBeanFactory.createBean(AbstractAutowireCapableBeanFactory.java:456)
	at org.springframework.beans.factory.support.AbstractBeanFactory$1.getObject(AbstractBeanFactory.java:294)
	at org.springframework.beans.factory.support.DefaultSingletonBeanRegistry.getSingleton(DefaultSingletonBeanRegistry.java:225)
	at org.springframework.beans.factory.support.AbstractBeanFactory.doGetBean(AbstractBeanFactory.java:291)
	at org.springframework.beans.factory.support.AbstractBeanFactory.getBean(AbstractBeanFactory.java:193)
	at org.springframework.beans.factory.support.DefaultListableBeanFactory.preInstantiateSingletons(DefaultListableBeanFactory.java:607)
	at org.springframework.context.support.AbstractApplicationContext.finishBeanFactoryInitialization(AbstractApplicationContext.java:925)
	at org.springframework.context.support.AbstractApplicationContext.refresh(AbstractApplicationContext.java:472)
	at org.codehaus.groovy.grails.commons.spring.DefaultRuntimeSpringConfiguration.getApplicationContext(DefaultRuntimeSpringConfiguration.java:153)
	at org.codehaus.groovy.grails.commons.spring.GrailsRuntimeConfigurator.configure(GrailsRuntimeConfigurator.java:170)
	at org.codehaus.groovy.grails.commons.spring.GrailsRuntimeConfigurator.configure(GrailsRuntimeConfigurator.java:127)
	at org.codehaus.groovy.grails.web.context.GrailsConfigUtils.configureWebApplicationContext(GrailsConfigUtils.java:121)
	at org.codehaus.groovy.grails.web.context.GrailsContextLoader.initWebApplicationContext(GrailsContextLoader.java:107)
	at org.springframework.web.context.ContextLoaderListener.contextInitialized(ContextLoaderListener.java:111)
	at org.apache.catalina.core.StandardContext.listenerStart(StandardContext.java:4791)
	at org.apache.catalina.core.StandardContext.startInternal(StandardContext.java:5285)
	at org.apache.catalina.util.LifecycleBase.start(LifecycleBase.java:150)
	at org.apache.catalina.core.ContainerBase$StartChild.call(ContainerBase.java:1559)
	at org.apache.catalina.core.ContainerBase$StartChild.call(ContainerBase.java:1549)
	at java.util.concurrent.FutureTask$Sync.innerRun(FutureTask.java:303)
	at java.util.concurrent.FutureTask.run(FutureTask.java:138)
	at java.util.concurrent.ThreadPoolExecutor$Worker.runTask(ThreadPoolExecutor.java:895)
	at java.util.concurrent.ThreadPoolExecutor$Worker.run(ThreadPoolExecutor.java:918)
	at java.lang.Thread.run(Thread.java:680)
2013-09-11 14:41:39,304 [localhost-startStop-1] ERROR StackTrace  - Full Stack Trace:
org.springframework.beans.factory.BeanCreationException: Error creating bean with name 'oneLdapServer': Invocation of init method failed; nested exception is org.apache.directory.shared.ldap.exception.LdapNameNotFoundException: ou=groups,dc=genecorp
	at java.util.concurrent.FutureTask$Sync.innerRun(FutureTask.java:303)
	at java.util.concurrent.FutureTask.run(FutureTask.java:138)
	at java.util.concurrent.ThreadPoolExecutor$Worker.runTask(ThreadPoolExecutor.java:895)
	at java.util.concurrent.ThreadPoolExecutor$Worker.run(ThreadPoolExecutor.java:918)
	at java.lang.Thread.run(Thread.java:680)
Caused by: org.apache.directory.shared.ldap.exception.LdapNameNotFoundException: ou=groups,dc=genecorp
	at org.apache.directory.server.core.partition.DefaultPartitionNexus.getPartition(DefaultPartitionNexus.java:1097)
	at org.apache.directory.server.core.partition.DefaultPartitionNexus.hasEntry(DefaultPartitionNexus.java:1019)
	at org.apache.directory.server.core.interceptor.InterceptorChain$1.hasEntry(InterceptorChain.java:165)
	at org.apache.directory.server.core.interceptor.InterceptorChain$Entry$1.hasEntry(InterceptorChain.java:1293)
	at org.apache.directory.server.core.interceptor.BaseInterceptor.hasEntry(BaseInterceptor.java:159)
	at org.apache.directory.server.core.interceptor.InterceptorChain$Entry$1.hasEntry(InterceptorChain.java:1293)
	at org.apache.directory.server.core.interceptor.BaseInterceptor.hasEntry(BaseInterceptor.java:159)
	at org.apache.directory.server.core.interceptor.InterceptorChain$Entry$1.hasEntry(InterceptorChain.java:1293)
	at org.apache.directory.server.core.interceptor.BaseInterceptor.hasEntry(BaseInterceptor.java:159)
	at org.apache.directory.server.core.interceptor.InterceptorChain$Entry$1.hasEntry(InterceptorChain.java:1293)
	at org.apache.directory.server.core.interceptor.BaseInterceptor.hasEntry(BaseInterceptor.java:159)
	at org.apache.directory.server.core.interceptor.InterceptorChain$Entry$1.hasEntry(InterceptorChain.java:1293)
	at org.apache.directory.server.core.interceptor.BaseInterceptor.hasEntry(BaseInterceptor.java:159)
	at org.apache.directory.server.core.interceptor.InterceptorChain$Entry$1.hasEntry(InterceptorChain.java:1293)
	at org.apache.directory.server.core.interceptor.BaseInterceptor.hasEntry(BaseInterceptor.java:159)
	at org.apache.directory.server.core.interceptor.InterceptorChain$Entry$1.hasEntry(InterceptorChain.java:1293)
	at org.apache.directory.server.core.interceptor.BaseInterceptor.hasEntry(BaseInterceptor.java:159)
	at org.apache.directory.server.core.interceptor.InterceptorChain$Entry$1.hasEntry(InterceptorChain.java:1293)
	at org.apache.directory.server.core.exception.ExceptionInterceptor.add(ExceptionInterceptor.java:154)
	at org.apache.directory.server.core.interceptor.InterceptorChain$Entry$1.add(InterceptorChain.java:1189)
	at org.apache.directory.server.core.interceptor.BaseInterceptor.add(BaseInterceptor.java:129)
	at org.apache.directory.server.core.interceptor.InterceptorChain$Entry$1.add(InterceptorChain.java:1189)
	at org.apache.directory.server.core.authz.AciAuthorizationInterceptor.add(AciAuthorizationInterceptor.java:448)
	at org.apache.directory.server.core.interceptor.InterceptorChain$Entry$1.add(InterceptorChain.java:1189)
	at org.apache.directory.server.core.authn.AuthenticationInterceptor.add(AuthenticationInterceptor.java:213)
	at org.apache.directory.server.core.interceptor.InterceptorChain$Entry$1.add(InterceptorChain.java:1189)
	at org.apache.directory.server.core.normalization.NormalizationInterceptor.add(NormalizationInterceptor.java:113)
	at org.apache.directory.server.core.interceptor.InterceptorChain.add(InterceptorChain.java:749)
	at org.apache.directory.server.core.DefaultOperationManager.add(DefaultOperationManager.java:78)
	at org.apache.directory.server.core.DefaultCoreSession.add(DefaultCoreSession.java:94)
	at grails.ldap.server.TransientGrailsLdapServer.consumeLdifReader(TransientGrailsLdapServer.groovy:260)
	at grails.ldap.server.TransientGrailsLdapServer.loadLdif(TransientGrailsLdapServer.groovy:169)
	at grails.ldap.server.TransientGrailsLdapServer$_loadLdif_closure4.doCall(TransientGrailsLdapServer.groovy:165)
	at grails.ldap.server.TransientGrailsLdapServer.loadLdif(TransientGrailsLdapServer.groovy:164)
	at grails.ldap.server.TransientGrailsLdapServer.start(TransientGrailsLdapServer.groovy:82)
	at grails.ldap.server.TransientGrailsLdapServer.afterPropertiesSet(TransientGrailsLdapServer.groovy:67)
	... 5 more
2013-09-11 14:41:39,305 [localhost-startStop-1] ERROR StackTrace  - Full Stack Trace:
org.springframework.beans.factory.BeanCreationException: Error creating bean with name 'oneLdapServer': Invocation of init method failed; nested exception is org.apache.directory.shared.ldap.exception.LdapNameNotFoundException: ou=groups,dc=genecorp
	at java.util.concurrent.FutureTask$Sync.innerRun(FutureTask.java:303)
	at java.util.concurrent.FutureTask.run(FutureTask.java:138)
	at java.util.concurrent.ThreadPoolExecutor$Worker.runTask(ThreadPoolExecutor.java:895)
	at java.util.concurrent.ThreadPoolExecutor$Worker.run(ThreadPoolExecutor.java:918)
	at java.lang.Thread.run(Thread.java:680)
Caused by: org.apache.directory.shared.ldap.exception.LdapNameNotFoundException: ou=groups,dc=genecorp
	at org.apache.directory.server.core.partition.DefaultPartitionNexus.getPartition(DefaultPartitionNexus.java:1097)
	at org.apache.directory.server.core.partition.DefaultPartitionNexus.hasEntry(DefaultPartitionNexus.java:1019)
	at org.apache.directory.server.core.interceptor.InterceptorChain$1.hasEntry(InterceptorChain.java:165)
	at org.apache.directory.server.core.interceptor.InterceptorChain$Entry$1.hasEntry(InterceptorChain.java:1293)
	at org.apache.directory.server.core.interceptor.BaseInterceptor.hasEntry(BaseInterceptor.java:159)
	at org.apache.directory.server.core.interceptor.InterceptorChain$Entry$1.hasEntry(InterceptorChain.java:1293)
	at org.apache.directory.server.core.interceptor.BaseInterceptor.hasEntry(BaseInterceptor.java:159)
	at org.apache.directory.server.core.interceptor.InterceptorChain$Entry$1.hasEntry(InterceptorChain.java:1293)
	at org.apache.directory.server.core.interceptor.BaseInterceptor.hasEntry(BaseInterceptor.java:159)
	at org.apache.directory.server.core.interceptor.InterceptorChain$Entry$1.hasEntry(InterceptorChain.java:1293)
	at org.apache.directory.server.core.interceptor.BaseInterceptor.hasEntry(BaseInterceptor.java:159)
	at org.apache.directory.server.core.interceptor.InterceptorChain$Entry$1.hasEntry(InterceptorChain.java:1293)
	at org.apache.directory.server.core.interceptor.BaseInterceptor.hasEntry(BaseInterceptor.java:159)
	at org.apache.directory.server.core.interceptor.InterceptorChain$Entry$1.hasEntry(InterceptorChain.java:1293)
	at org.apache.directory.server.core.interceptor.BaseInterceptor.hasEntry(BaseInterceptor.java:159)
	at org.apache.directory.server.core.interceptor.InterceptorChain$Entry$1.hasEntry(InterceptorChain.java:1293)
	at org.apache.directory.server.core.interceptor.BaseInterceptor.hasEntry(BaseInterceptor.java:159)
	at org.apache.directory.server.core.interceptor.InterceptorChain$Entry$1.hasEntry(InterceptorChain.java:1293)
	at org.apache.directory.server.core.exception.ExceptionInterceptor.add(ExceptionInterceptor.java:154)
	at org.apache.directory.server.core.interceptor.InterceptorChain$Entry$1.add(InterceptorChain.java:1189)
	at org.apache.directory.server.core.interceptor.BaseInterceptor.add(BaseInterceptor.java:129)
	at org.apache.directory.server.core.interceptor.InterceptorChain$Entry$1.add(InterceptorChain.java:1189)
	at org.apache.directory.server.core.authz.AciAuthorizationInterceptor.add(AciAuthorizationInterceptor.java:448)
	at org.apache.directory.server.core.interceptor.InterceptorChain$Entry$1.add(InterceptorChain.java:1189)
	at org.apache.directory.server.core.authn.AuthenticationInterceptor.add(AuthenticationInterceptor.java:213)
	at org.apache.directory.server.core.interceptor.InterceptorChain$Entry$1.add(InterceptorChain.java:1189)
	at org.apache.directory.server.core.normalization.NormalizationInterceptor.add(NormalizationInterceptor.java:113)
	at org.apache.directory.server.core.interceptor.InterceptorChain.add(InterceptorChain.java:749)
	at org.apache.directory.server.core.DefaultOperationManager.add(DefaultOperationManager.java:78)
	at org.apache.directory.server.core.DefaultCoreSession.add(DefaultCoreSession.java:94)
	at grails.ldap.server.TransientGrailsLdapServer.consumeLdifReader(TransientGrailsLdapServer.groovy:260)
	at grails.ldap.server.TransientGrailsLdapServer.loadLdif(TransientGrailsLdapServer.groovy:169)
	at grails.ldap.server.TransientGrailsLdapServer$_loadLdif_closure4.doCall(TransientGrailsLdapServer.groovy:165)
	at grails.ldap.server.TransientGrailsLdapServer.loadLdif(TransientGrailsLdapServer.groovy:164)
	at grails.ldap.server.TransientGrailsLdapServer.start(TransientGrailsLdapServer.groovy:82)
	at grails.ldap.server.TransientGrailsLdapServer.afterPropertiesSet(TransientGrailsLdapServer.groovy:67)
	... 5 more
2013-09-11 14:41:39,307 [localhost-startStop-1] ERROR StackTrace  - Full Stack Trace:
org.apache.directory.shared.ldap.exception.LdapNameNotFoundException: ou=groups,dc=genecorp
	at org.apache.directory.server.core.partition.DefaultPartitionNexus.getPartition(DefaultPartitionNexus.java:1097)
	at org.apache.directory.server.core.partition.DefaultPartitionNexus.hasEntry(DefaultPartitionNexus.java:1019)
	at org.apache.directory.server.core.interceptor.InterceptorChain$1.hasEntry(InterceptorChain.java:165)
	at org.apache.directory.server.core.interceptor.InterceptorChain$Entry$1.hasEntry(InterceptorChain.java:1293)
	at org.apache.directory.server.core.interceptor.BaseInterceptor.hasEntry(BaseInterceptor.java:159)
	at org.apache.directory.server.core.interceptor.InterceptorChain$Entry$1.hasEntry(InterceptorChain.java:1293)
	at org.apache.directory.server.core.interceptor.BaseInterceptor.hasEntry(BaseInterceptor.java:159)
	at org.apache.directory.server.core.interceptor.InterceptorChain$Entry$1.hasEntry(InterceptorChain.java:1293)
	at org.apache.directory.server.core.interceptor.BaseInterceptor.hasEntry(BaseInterceptor.java:159)
	at org.apache.directory.server.core.interceptor.InterceptorChain$Entry$1.hasEntry(InterceptorChain.java:1293)
	at org.apache.directory.server.core.interceptor.BaseInterceptor.hasEntry(BaseInterceptor.java:159)
	at org.apache.directory.server.core.interceptor.InterceptorChain$Entry$1.hasEntry(InterceptorChain.java:1293)
	at org.apache.directory.server.core.interceptor.BaseInterceptor.hasEntry(BaseInterceptor.java:159)
	at org.apache.directory.server.core.interceptor.InterceptorChain$Entry$1.hasEntry(InterceptorChain.java:1293)
	at org.apache.directory.server.core.interceptor.BaseInterceptor.hasEntry(BaseInterceptor.java:159)
	at org.apache.directory.server.core.interceptor.InterceptorChain$Entry$1.hasEntry(InterceptorChain.java:1293)
	at org.apache.directory.server.core.interceptor.BaseInterceptor.hasEntry(BaseInterceptor.java:159)
	at org.apache.directory.server.core.interceptor.InterceptorChain$Entry$1.hasEntry(InterceptorChain.java:1293)
	at org.apache.directory.server.core.exception.ExceptionInterceptor.add(ExceptionInterceptor.java:154)
	at org.apache.directory.server.core.interceptor.InterceptorChain$Entry$1.add(InterceptorChain.java:1189)
	at org.apache.directory.server.core.interceptor.BaseInterceptor.add(BaseInterceptor.java:129)
	at org.apache.directory.server.core.interceptor.InterceptorChain$Entry$1.add(InterceptorChain.java:1189)
	at org.apache.directory.server.core.authz.AciAuthorizationInterceptor.add(AciAuthorizationInterceptor.java:448)
	at org.apache.directory.server.core.interceptor.InterceptorChain$Entry$1.add(InterceptorChain.java:1189)
	at org.apache.directory.server.core.authn.AuthenticationInterceptor.add(AuthenticationInterceptor.java:213)
	at org.apache.directory.server.core.interceptor.InterceptorChain$Entry$1.add(InterceptorChain.java:1189)
	at org.apache.directory.server.core.normalization.NormalizationInterceptor.add(NormalizationInterceptor.java:113)
	at org.apache.directory.server.core.interceptor.InterceptorChain.add(InterceptorChain.java:749)
	at org.apache.directory.server.core.DefaultOperationManager.add(DefaultOperationManager.java:78)
	at org.apache.directory.server.core.DefaultCoreSession.add(DefaultCoreSession.java:94)
	at grails.ldap.server.TransientGrailsLdapServer.consumeLdifReader(TransientGrailsLdapServer.groovy:260)
	at grails.ldap.server.TransientGrailsLdapServer.loadLdif(TransientGrailsLdapServer.groovy:169)
	at grails.ldap.server.TransientGrailsLdapServer$_loadLdif_closure4.doCall(TransientGrailsLdapServer.groovy:165)
	at grails.ldap.server.TransientGrailsLdapServer.loadLdif(TransientGrailsLdapServer.groovy:164)
	at grails.ldap.server.TransientGrailsLdapServer.start(TransientGrailsLdapServer.groovy:82)
	at grails.ldap.server.TransientGrailsLdapServer.afterPropertiesSet(TransientGrailsLdapServer.groovy:67)
	at java.util.concurrent.FutureTask$Sync.innerRun(FutureTask.java:303)
	at java.util.concurrent.FutureTask.run(FutureTask.java:138)
	at java.util.concurrent.ThreadPoolExecutor$Worker.runTask(ThreadPoolExecutor.java:895)
	at java.util.concurrent.ThreadPoolExecutor$Worker.run(ThreadPoolExecutor.java:918)
	at java.lang.Thread.run(Thread.java:680)
2013-09-11 14:41:39,316 [localhost-startStop-1] ERROR StackTrace  - Full Stack Trace:
org.springframework.beans.factory.BeanCreationException: Error creating bean with name 'oneLdapServer': Invocation of init method failed; nested exception is org.apache.directory.shared.ldap.exception.LdapNameNotFoundException: ou=groups,dc=genecorp
	at java.util.concurrent.FutureTask$Sync.innerRun(FutureTask.java:303)
	at java.util.concurrent.FutureTask.run(FutureTask.java:138)
	at java.util.concurrent.ThreadPoolExecutor$Worker.runTask(ThreadPoolExecutor.java:895)
	at java.util.concurrent.ThreadPoolExecutor$Worker.run(ThreadPoolExecutor.java:918)
	at java.lang.Thread.run(Thread.java:680)
Caused by: org.apache.directory.shared.ldap.exception.LdapNameNotFoundException: ou=groups,dc=genecorp
	at org.apache.directory.server.core.partition.DefaultPartitionNexus.getPartition(DefaultPartitionNexus.java:1097)
	at org.apache.directory.server.core.partition.DefaultPartitionNexus.hasEntry(DefaultPartitionNexus.java:1019)
	at org.apache.directory.server.core.interceptor.InterceptorChain$1.hasEntry(InterceptorChain.java:165)
	at org.apache.directory.server.core.interceptor.InterceptorChain$Entry$1.hasEntry(InterceptorChain.java:1293)
	at org.apache.directory.server.core.interceptor.BaseInterceptor.hasEntry(BaseInterceptor.java:159)
	at org.apache.directory.server.core.interceptor.InterceptorChain$Entry$1.hasEntry(InterceptorChain.java:1293)
	at org.apache.directory.server.core.interceptor.BaseInterceptor.hasEntry(BaseInterceptor.java:159)
	at org.apache.directory.server.core.interceptor.InterceptorChain$Entry$1.hasEntry(InterceptorChain.java:1293)
	at org.apache.directory.server.core.interceptor.BaseInterceptor.hasEntry(BaseInterceptor.java:159)
	at org.apache.directory.server.core.interceptor.InterceptorChain$Entry$1.hasEntry(InterceptorChain.java:1293)
	at org.apache.directory.server.core.interceptor.BaseInterceptor.hasEntry(BaseInterceptor.java:159)
	at org.apache.directory.server.core.interceptor.InterceptorChain$Entry$1.hasEntry(InterceptorChain.java:1293)
	at org.apache.directory.server.core.interceptor.BaseInterceptor.hasEntry(BaseInterceptor.java:159)
	at org.apache.directory.server.core.interceptor.InterceptorChain$Entry$1.hasEntry(InterceptorChain.java:1293)
	at org.apache.directory.server.core.interceptor.BaseInterceptor.hasEntry(BaseInterceptor.java:159)
	at org.apache.directory.server.core.interceptor.InterceptorChain$Entry$1.hasEntry(InterceptorChain.java:1293)
	at org.apache.directory.server.core.interceptor.BaseInterceptor.hasEntry(BaseInterceptor.java:159)
	at org.apache.directory.server.core.interceptor.InterceptorChain$Entry$1.hasEntry(InterceptorChain.java:1293)
	at org.apache.directory.server.core.exception.ExceptionInterceptor.add(ExceptionInterceptor.java:154)
	at org.apache.directory.server.core.interceptor.InterceptorChain$Entry$1.add(InterceptorChain.java:1189)
	at org.apache.directory.server.core.interceptor.BaseInterceptor.add(BaseInterceptor.java:129)
	at org.apache.directory.server.core.interceptor.InterceptorChain$Entry$1.add(InterceptorChain.java:1189)
	at org.apache.directory.server.core.authz.AciAuthorizationInterceptor.add(AciAuthorizationInterceptor.java:448)
	at org.apache.directory.server.core.interceptor.InterceptorChain$Entry$1.add(InterceptorChain.java:1189)
	at org.apache.directory.server.core.authn.AuthenticationInterceptor.add(AuthenticationInterceptor.java:213)
	at org.apache.directory.server.core.interceptor.InterceptorChain$Entry$1.add(InterceptorChain.java:1189)
	at org.apache.directory.server.core.normalization.NormalizationInterceptor.add(NormalizationInterceptor.java:113)
	at org.apache.directory.server.core.interceptor.InterceptorChain.add(InterceptorChain.java:749)
	at org.apache.directory.server.core.DefaultOperationManager.add(DefaultOperationManager.java:78)
	at org.apache.directory.server.core.DefaultCoreSession.add(DefaultCoreSession.java:94)
	at grails.ldap.server.TransientGrailsLdapServer.consumeLdifReader(TransientGrailsLdapServer.groovy:260)
	at grails.ldap.server.TransientGrailsLdapServer.loadLdif(TransientGrailsLdapServer.groovy:169)
	at grails.ldap.server.TransientGrailsLdapServer$_loadLdif_closure4.doCall(TransientGrailsLdapServer.groovy:165)
	at grails.ldap.server.TransientGrailsLdapServer.loadLdif(TransientGrailsLdapServer.groovy:164)
	at grails.ldap.server.TransientGrailsLdapServer.start(TransientGrailsLdapServer.groovy:82)
	at grails.ldap.server.TransientGrailsLdapServer.afterPropertiesSet(TransientGrailsLdapServer.groovy:67)
	... 5 more
2013-09-11 14:41:39,317 [localhost-startStop-1] ERROR StackTrace  - Full Stack Trace:
org.springframework.beans.factory.BeanCreationException: Error creating bean with name 'oneLdapServer': Invocation of init method failed; nested exception is org.apache.directory.shared.ldap.exception.LdapNameNotFoundException: ou=groups,dc=genecorp
	at java.util.concurrent.FutureTask$Sync.innerRun(FutureTask.java:303)
	at java.util.concurrent.FutureTask.run(FutureTask.java:138)
	at java.util.concurrent.ThreadPoolExecutor$Worker.runTask(ThreadPoolExecutor.java:895)
	at java.util.concurrent.ThreadPoolExecutor$Worker.run(ThreadPoolExecutor.java:918)
	at java.lang.Thread.run(Thread.java:680)
Caused by: org.apache.directory.shared.ldap.exception.LdapNameNotFoundException: ou=groups,dc=genecorp
	at org.apache.directory.server.core.partition.DefaultPartitionNexus.getPartition(DefaultPartitionNexus.java:1097)
	at org.apache.directory.server.core.partition.DefaultPartitionNexus.hasEntry(DefaultPartitionNexus.java:1019)
	at org.apache.directory.server.core.interceptor.InterceptorChain$1.hasEntry(InterceptorChain.java:165)
	at org.apache.directory.server.core.interceptor.InterceptorChain$Entry$1.hasEntry(InterceptorChain.java:1293)
	at org.apache.directory.server.core.interceptor.BaseInterceptor.hasEntry(BaseInterceptor.java:159)
	at org.apache.directory.server.core.interceptor.InterceptorChain$Entry$1.hasEntry(InterceptorChain.java:1293)
	at org.apache.directory.server.core.interceptor.BaseInterceptor.hasEntry(BaseInterceptor.java:159)
	at org.apache.directory.server.core.interceptor.InterceptorChain$Entry$1.hasEntry(InterceptorChain.java:1293)
	at org.apache.directory.server.core.interceptor.BaseInterceptor.hasEntry(BaseInterceptor.java:159)
	at org.apache.directory.server.core.interceptor.InterceptorChain$Entry$1.hasEntry(InterceptorChain.java:1293)
	at org.apache.directory.server.core.interceptor.BaseInterceptor.hasEntry(BaseInterceptor.java:159)
	at org.apache.directory.server.core.interceptor.InterceptorChain$Entry$1.hasEntry(InterceptorChain.java:1293)
	at org.apache.directory.server.core.interceptor.BaseInterceptor.hasEntry(BaseInterceptor.java:159)
	at org.apache.directory.server.core.interceptor.InterceptorChain$Entry$1.hasEntry(InterceptorChain.java:1293)
	at org.apache.directory.server.core.interceptor.BaseInterceptor.hasEntry(BaseInterceptor.java:159)
	at org.apache.directory.server.core.interceptor.InterceptorChain$Entry$1.hasEntry(InterceptorChain.java:1293)
	at org.apache.directory.server.core.interceptor.BaseInterceptor.hasEntry(BaseInterceptor.java:159)
	at org.apache.directory.server.core.interceptor.InterceptorChain$Entry$1.hasEntry(InterceptorChain.java:1293)
	at org.apache.directory.server.core.exception.ExceptionInterceptor.add(ExceptionInterceptor.java:154)
	at org.apache.directory.server.core.interceptor.InterceptorChain$Entry$1.add(InterceptorChain.java:1189)
	at org.apache.directory.server.core.interceptor.BaseInterceptor.add(BaseInterceptor.java:129)
	at org.apache.directory.server.core.interceptor.InterceptorChain$Entry$1.add(InterceptorChain.java:1189)
	at org.apache.directory.server.core.authz.AciAuthorizationInterceptor.add(AciAuthorizationInterceptor.java:448)
	at org.apache.directory.server.core.interceptor.InterceptorChain$Entry$1.add(InterceptorChain.java:1189)
	at org.apache.directory.server.core.authn.AuthenticationInterceptor.add(AuthenticationInterceptor.java:213)
	at org.apache.directory.server.core.interceptor.InterceptorChain$Entry$1.add(InterceptorChain.java:1189)
	at org.apache.directory.server.core.normalization.NormalizationInterceptor.add(NormalizationInterceptor.java:113)
	at org.apache.directory.server.core.interceptor.InterceptorChain.add(InterceptorChain.java:749)
	at org.apache.directory.server.core.DefaultOperationManager.add(DefaultOperationManager.java:78)
	at org.apache.directory.server.core.DefaultCoreSession.add(DefaultCoreSession.java:94)
	at grails.ldap.server.TransientGrailsLdapServer.consumeLdifReader(TransientGrailsLdapServer.groovy:260)
	at grails.ldap.server.TransientGrailsLdapServer.loadLdif(TransientGrailsLdapServer.groovy:169)
	at grails.ldap.server.TransientGrailsLdapServer$_loadLdif_closure4.doCall(TransientGrailsLdapServer.groovy:165)
	at grails.ldap.server.TransientGrailsLdapServer.loadLdif(TransientGrailsLdapServer.groovy:164)
	at grails.ldap.server.TransientGrailsLdapServer.start(TransientGrailsLdapServer.groovy:82)
	at grails.ldap.server.TransientGrailsLdapServer.afterPropertiesSet(TransientGrailsLdapServer.groovy:67)
	... 5 more
2013-09-11 14:41:39,324 [localhost-startStop-1] ERROR StackTrace  - Full Stack Trace:
org.apache.directory.shared.ldap.exception.LdapNameNotFoundException: ou=groups,dc=genecorp
	at org.apache.directory.server.core.partition.DefaultPartitionNexus.getPartition(DefaultPartitionNexus.java:1097)
	at org.apache.directory.server.core.partition.DefaultPartitionNexus.hasEntry(DefaultPartitionNexus.java:1019)
	at org.apache.directory.server.core.interceptor.InterceptorChain$1.hasEntry(InterceptorChain.java:165)
	at org.apache.directory.server.core.interceptor.InterceptorChain$Entry$1.hasEntry(InterceptorChain.java:1293)
	at org.apache.directory.server.core.interceptor.BaseInterceptor.hasEntry(BaseInterceptor.java:159)
	at org.apache.directory.server.core.interceptor.InterceptorChain$Entry$1.hasEntry(InterceptorChain.java:1293)
	at org.apache.directory.server.core.interceptor.BaseInterceptor.hasEntry(BaseInterceptor.java:159)
	at org.apache.directory.server.core.interceptor.InterceptorChain$Entry$1.hasEntry(InterceptorChain.java:1293)
	at org.apache.directory.server.core.interceptor.BaseInterceptor.hasEntry(BaseInterceptor.java:159)
	at org.apache.directory.server.core.interceptor.InterceptorChain$Entry$1.hasEntry(InterceptorChain.java:1293)
	at org.apache.directory.server.core.interceptor.BaseInterceptor.hasEntry(BaseInterceptor.java:159)
	at org.apache.directory.server.core.interceptor.InterceptorChain$Entry$1.hasEntry(InterceptorChain.java:1293)
	at org.apache.directory.server.core.interceptor.BaseInterceptor.hasEntry(BaseInterceptor.java:159)
	at org.apache.directory.server.core.interceptor.InterceptorChain$Entry$1.hasEntry(InterceptorChain.java:1293)
	at org.apache.directory.server.core.interceptor.BaseInterceptor.hasEntry(BaseInterceptor.java:159)
	at org.apache.directory.server.core.interceptor.InterceptorChain$Entry$1.hasEntry(InterceptorChain.java:1293)
	at org.apache.directory.server.core.interceptor.BaseInterceptor.hasEntry(BaseInterceptor.java:159)
	at org.apache.directory.server.core.interceptor.InterceptorChain$Entry$1.hasEntry(InterceptorChain.java:1293)
	at org.apache.directory.server.core.exception.ExceptionInterceptor.add(ExceptionInterceptor.java:154)
	at org.apache.directory.server.core.interceptor.InterceptorChain$Entry$1.add(InterceptorChain.java:1189)
	at org.apache.directory.server.core.interceptor.BaseInterceptor.add(BaseInterceptor.java:129)
	at org.apache.directory.server.core.interceptor.InterceptorChain$Entry$1.add(InterceptorChain.java:1189)
	at org.apache.directory.server.core.authz.AciAuthorizationInterceptor.add(AciAuthorizationInterceptor.java:448)
	at org.apache.directory.server.core.interceptor.InterceptorChain$Entry$1.add(InterceptorChain.java:1189)
	at org.apache.directory.server.core.authn.AuthenticationInterceptor.add(AuthenticationInterceptor.java:213)
	at org.apache.directory.server.core.interceptor.InterceptorChain$Entry$1.add(InterceptorChain.java:1189)
	at org.apache.directory.server.core.normalization.NormalizationInterceptor.add(NormalizationInterceptor.java:113)
	at org.apache.directory.server.core.interceptor.InterceptorChain.add(InterceptorChain.java:749)
	at org.apache.directory.server.core.DefaultOperationManager.add(DefaultOperationManager.java:78)
	at org.apache.directory.server.core.DefaultCoreSession.add(DefaultCoreSession.java:94)
	at grails.ldap.server.TransientGrailsLdapServer.consumeLdifReader(TransientGrailsLdapServer.groovy:260)
	at grails.ldap.server.TransientGrailsLdapServer.loadLdif(TransientGrailsLdapServer.groovy:169)
	at grails.ldap.server.TransientGrailsLdapServer$_loadLdif_closure4.doCall(TransientGrailsLdapServer.groovy:165)
	at grails.ldap.server.TransientGrailsLdapServer.loadLdif(TransientGrailsLdapServer.groovy:164)
	at grails.ldap.server.TransientGrailsLdapServer.start(TransientGrailsLdapServer.groovy:82)
	at grails.ldap.server.TransientGrailsLdapServer.afterPropertiesSet(TransientGrailsLdapServer.groovy:67)
	at java.util.concurrent.FutureTask$Sync.innerRun(FutureTask.java:303)
	at java.util.concurrent.FutureTask.run(FutureTask.java:138)
	at java.util.concurrent.ThreadPoolExecutor$Worker.runTask(ThreadPoolExecutor.java:895)
	at java.util.concurrent.ThreadPoolExecutor$Worker.run(ThreadPoolExecutor.java:918)
	at java.lang.Thread.run(Thread.java:680)
2013-09-11 14:41:39,325 [localhost-startStop-1] ERROR StackTrace  - Full Stack Trace:
org.springframework.beans.factory.BeanCreationException: Error creating bean with name 'oneLdapServer': Invocation of init method failed; nested exception is org.apache.directory.shared.ldap.exception.LdapNameNotFoundException: ou=groups,dc=genecorp
	at java.util.concurrent.FutureTask$Sync.innerRun(FutureTask.java:303)
	at java.util.concurrent.FutureTask.run(FutureTask.java:138)
	at java.util.concurrent.ThreadPoolExecutor$Worker.runTask(ThreadPoolExecutor.java:895)
	at java.util.concurrent.ThreadPoolExecutor$Worker.run(ThreadPoolExecutor.java:918)
	at java.lang.Thread.run(Thread.java:680)
Caused by: org.apache.directory.shared.ldap.exception.LdapNameNotFoundException: ou=groups,dc=genecorp
	at org.apache.directory.server.core.partition.DefaultPartitionNexus.getPartition(DefaultPartitionNexus.java:1097)
	at org.apache.directory.server.core.partition.DefaultPartitionNexus.hasEntry(DefaultPartitionNexus.java:1019)
	at org.apache.directory.server.core.interceptor.InterceptorChain$1.hasEntry(InterceptorChain.java:165)
	at org.apache.directory.server.core.interceptor.InterceptorChain$Entry$1.hasEntry(InterceptorChain.java:1293)
	at org.apache.directory.server.core.interceptor.BaseInterceptor.hasEntry(BaseInterceptor.java:159)
	at org.apache.directory.server.core.interceptor.InterceptorChain$Entry$1.hasEntry(InterceptorChain.java:1293)
	at org.apache.directory.server.core.interceptor.BaseInterceptor.hasEntry(BaseInterceptor.java:159)
	at org.apache.directory.server.core.interceptor.InterceptorChain$Entry$1.hasEntry(InterceptorChain.java:1293)
	at org.apache.directory.server.core.interceptor.BaseInterceptor.hasEntry(BaseInterceptor.java:159)
	at org.apache.directory.server.core.interceptor.InterceptorChain$Entry$1.hasEntry(InterceptorChain.java:1293)
	at org.apache.directory.server.core.interceptor.BaseInterceptor.hasEntry(BaseInterceptor.java:159)
	at org.apache.directory.server.core.interceptor.InterceptorChain$Entry$1.hasEntry(InterceptorChain.java:1293)
	at org.apache.directory.server.core.interceptor.BaseInterceptor.hasEntry(BaseInterceptor.java:159)
	at org.apache.directory.server.core.interceptor.InterceptorChain$Entry$1.hasEntry(InterceptorChain.java:1293)
	at org.apache.directory.server.core.interceptor.BaseInterceptor.hasEntry(BaseInterceptor.java:159)
	at org.apache.directory.server.core.interceptor.InterceptorChain$Entry$1.hasEntry(InterceptorChain.java:1293)
	at org.apache.directory.server.core.interceptor.BaseInterceptor.hasEntry(BaseInterceptor.java:159)
	at org.apache.directory.server.core.interceptor.InterceptorChain$Entry$1.hasEntry(InterceptorChain.java:1293)
	at org.apache.directory.server.core.exception.ExceptionInterceptor.add(ExceptionInterceptor.java:154)
	at org.apache.directory.server.core.interceptor.InterceptorChain$Entry$1.add(InterceptorChain.java:1189)
	at org.apache.directory.server.core.interceptor.BaseInterceptor.add(BaseInterceptor.java:129)
	at org.apache.directory.server.core.interceptor.InterceptorChain$Entry$1.add(InterceptorChain.java:1189)
	at org.apache.directory.server.core.authz.AciAuthorizationInterceptor.add(AciAuthorizationInterceptor.java:448)
	at org.apache.directory.server.core.interceptor.InterceptorChain$Entry$1.add(InterceptorChain.java:1189)
	at org.apache.directory.server.core.authn.AuthenticationInterceptor.add(AuthenticationInterceptor.java:213)
	at org.apache.directory.server.core.interceptor.InterceptorChain$Entry$1.add(InterceptorChain.java:1189)
	at org.apache.directory.server.core.normalization.NormalizationInterceptor.add(NormalizationInterceptor.java:113)
	at org.apache.directory.server.core.interceptor.InterceptorChain.add(InterceptorChain.java:749)
	at org.apache.directory.server.core.DefaultOperationManager.add(DefaultOperationManager.java:78)
	at org.apache.directory.server.core.DefaultCoreSession.add(DefaultCoreSession.java:94)
	at grails.ldap.server.TransientGrailsLdapServer.consumeLdifReader(TransientGrailsLdapServer.groovy:260)
	at grails.ldap.server.TransientGrailsLdapServer.loadLdif(TransientGrailsLdapServer.groovy:169)
	at grails.ldap.server.TransientGrailsLdapServer$_loadLdif_closure4.doCall(TransientGrailsLdapServer.groovy:165)
	at grails.ldap.server.TransientGrailsLdapServer.loadLdif(TransientGrailsLdapServer.groovy:164)
	at grails.ldap.server.TransientGrailsLdapServer.start(TransientGrailsLdapServer.groovy:82)
	at grails.ldap.server.TransientGrailsLdapServer.afterPropertiesSet(TransientGrailsLdapServer.groovy:67)
	... 5 more
